[    0.000000] Initializing cgroup subsys cpuset
[    0.000000] Initializing cgroup subsys cpu
[    0.000000] Initializing cgroup subsys cpuacct
[    0.000000] Linux version 4.4.0-157-generic (buildd@lgw01-amd64-037) (gcc version 5.4.0 20160609 (Ubuntu 5.4.0-6ubuntu1~16.04.10) ) #185-Ubuntu SMP Tue Jul 23 09:17:01 UTC 2019 (Ubuntu 4.4.0-157.185-generic 4.4.181)
[    0.000000] Command line: BOOT_IMAGE=/boot/vmlinuz-4.4.0-157-generic root=LABEL=cloudimg-rootfs ro console=tty1 console=ttyS0
[    0.000000] KERNEL supported cpus:
[    0.000000]   Intel GenuineIntel
[    0.000000]   AMD AuthenticAMD
[    0.000000]   Centaur CentaurHauls
[    0.000000] x86/fpu: xstate_offset[2]:  576, xstate_sizes[2]:  256
[    0.000000] x86/fpu: Supporting XSAVE feature 0x01: 'x87 floating point registers'
[    0.000000] x86/fpu: Supporting XSAVE feature 0x02: 'SSE registers'
[    0.000000] x86/fpu: Supporting XSAVE feature 0x04: 'AVX registers'
[    0.000000] x86/fpu: Enabled xstate features 0x7, context size is 832 bytes, using 'standard' format.
[    0.000000] e820: BIOS-provided physical RAM map:
[    0.000000] BIOS-e820: [mem 0x0000000000000000-0x000000000009fbff] usable
[    0.000000] BIOS-e820: [mem 0x000000000009fc00-0x000000000009ffff] reserved
[    0.000000] BIOS-e820: [mem 0x00000000000f0000-0x00000000000fffff] reserved
[    0.000000] BIOS-e820: [mem 0x0000000000100000-0x000000003ffeffff] usable
[    0.000000] BIOS-e820: [mem 0x000000003fff0000-0x000000003fffffff] ACPI data
[    0.000000] BIOS-e820: [mem 0x00000000fec00000-0x00000000fec00fff] reserved
[    0.000000] BIOS-e820: [mem 0x00000000fee00000-0x00000000fee00fff] reserved
[    0.000000] BIOS-e820: [mem 0x00000000fffc0000-0x00000000ffffffff] reserved
[    0.000000] NX (Execute Disable) protection: active
[    0.000000] SMBIOS 2.5 present.
[    0.000000] Hypervisor detected: KVM
[    0.000000] e820: last_pfn = 0x3fff0 max_arch_pfn = 0x400000000
[    0.000000] MTRR: Disabled
[    0.000000] x86/PAT: MTRRs disabled, skipping PAT initialization too.
[    0.000000] CPU MTRRs all blank - virtualized system.
[    0.000000] x86/PAT: Configuration [0-7]: WB  WT  UC- UC  WB  WT  UC- UC  
[    0.000000] found SMP MP-table at [mem 0x0009fff0-0x0009ffff] mapped at [ffff88000009fff0]
[    0.000000] Scanning 1 areas for low memory corruption
[    0.000000] RAMDISK: [mem 0x362fc000-0x37175fff]
[    0.000000] ACPI: Early table checksum verification disabled
[    0.000000] ACPI: RSDP 0x00000000000E0000 000024 (v02 VBOX  )
[    0.000000] ACPI: XSDT 0x000000003FFF0030 00003C (v01 VBOX   VBOXXSDT 00000001 ASL  00000061)
[    0.000000] ACPI: FACP 0x000000003FFF00F0 0000F4 (v04 VBOX   VBOXFACP 00000001 ASL  00000061)
[    0.000000] ACPI: DSDT 0x000000003FFF0470 0022EA (v02 VBOX   VBOXBIOS 00000002 INTL 20100528)
[    0.000000] ACPI: FACS 0x000000003FFF0200 000040
[    0.000000] ACPI: FACS 0x000000003FFF0200 000040
[    0.000000] ACPI: APIC 0x000000003FFF0240 00005C (v02 VBOX   VBOXAPIC 00000001 ASL  00000061)
[    0.000000] ACPI: SSDT 0x000000003FFF02A0 0001CC (v01 VBOX   VBOXCPUT 00000002 INTL 20100528)
[    0.000000] No NUMA configuration found
[    0.000000] Faking a node at [mem 0x0000000000000000-0x000000003ffeffff]
[    0.000000] NODE_DATA(0) allocated [mem 0x3ffeb000-0x3ffeffff]
[    0.000000] kvm-clock: Using msrs 4b564d01 and 4b564d00
[    0.000000] kvm-clock: cpu 0, msr 0:3ffe3001, primary cpu clock
[    0.000000] kvm-clock: using sched offset of 3787707920 cycles
[    0.000000] clocksource: kvm-clock: mask: 0xffffffffffffffff max_cycles: 0x1cd42e4dffb, max_idle_ns: 881590591483 ns
[    0.000000] Zone ranges:
[    0.000000]   DMA      [mem 0x0000000000001000-0x0000000000ffffff]
[    0.000000]   DMA32    [mem 0x0000000001000000-0x000000003ffeffff]
[    0.000000]   Normal   empty
[    0.000000]   Device   empty
[    0.000000] Movable zone start for each node
[    0.000000] Early memory node ranges
[    0.000000]   node   0: [mem 0x0000000000001000-0x000000000009efff]
[    0.000000]   node   0: [mem 0x0000000000100000-0x000000003ffeffff]
[    0.000000] Initmem setup node 0 [mem 0x0000000000001000-0x000000003ffeffff]
[    0.000000] ACPI: PM-Timer IO Port: 0x4008
[    0.000000] IOAPIC[0]: apic_id 2, version 32, address 0xfec00000, GSI 0-23
[    0.000000] ACPI: INT_SRC_OVR (bus 0 bus_irq 0 global_irq 2 dfl dfl)
[    0.000000] ACPI: INT_SRC_OVR (bus 0 bus_irq 9 global_irq 9 low level)
[    0.000000] Using ACPI (MADT) for SMP configuration information
[    0.000000] smpboot: Allowing 2 CPUs, 0 hotplug CPUs
[    0.000000] PM: Registered nosave memory: [mem 0x00000000-0x00000fff]
[    0.000000] PM: Registered nosave memory: [mem 0x0009f000-0x0009ffff]
[    0.000000] PM: Registered nosave memory: [mem 0x000a0000-0x000effff]
[    0.000000] PM: Registered nosave memory: [mem 0x000f0000-0x000fffff]
[    0.000000] e820: [mem 0x40000000-0xfebfffff] available for PCI devices
[    0.000000] Booting paravirtualized kernel on KVM
[    0.000000] clocksource: refined-jiffies: mask: 0xffffffff max_cycles: 0xffffffff, max_idle_ns: 7645519600211568 ns
[    0.000000] setup_percpu: NR_CPUS:512 nr_cpumask_bits:512 nr_cpu_ids:2 nr_node_ids:1
[    0.000000] PERCPU: Embedded 34 pages/cpu @ffff88003fc00000 s99544 r8192 d31528 u1048576
[    0.000000] Built 1 zonelists in Node order, mobility grouping on.  Total pages: 257912
[    0.000000] Policy zone: DMA32
[    0.000000] Kernel command line: BOOT_IMAGE=/boot/vmlinuz-4.4.0-157-generic root=LABEL=cloudimg-rootfs ro console=tty1 console=ttyS0
[    0.000000] PID hash table entries: 4096 (order: 3, 32768 bytes)
[    0.000000] Memory: 997736K/1048120K available (8618K kernel code, 1335K rwdata, 4032K rodata, 1484K init, 1284K bss, 50384K reserved, 0K cma-reserved)
[    0.000000] SLUB: HWalign=64, Order=0-3, MinObjects=0, CPUs=2, Nodes=1
[    0.000000] Kernel/User page tables isolation: enabled
[    0.000000] Hierarchical RCU implementation.
[    0.000000] 	Build-time adjustment of leaf fanout to 64.
[    0.000000] 	RCU restricting CPUs from NR_CPUS=512 to nr_cpu_ids=2.
[    0.000000] RCU: Adjusting geometry for rcu_fanout_leaf=64, nr_cpu_ids=2
[    0.000000] NR_IRQS:33024 nr_irqs:440 16
[    0.000000] Console: colour VGA+ 80x25
[    0.000000] console [tty1] enabled
[    0.000000] console [ttyS0] enabled
[    0.000000] tsc: Detected 2711.994 MHz processor
[    0.254979] Calibrating delay loop (skipped) preset value.. 5423.98 BogoMIPS (lpj=10847976)
[    0.258878] pid_max: default: 32768 minimum: 301
[    0.260319] ACPI: Core revision 20150930
[    0.265117] ACPI: 2 ACPI AML tables successfully acquired and loaded
[    0.267193] Security Framework initialized
[    0.269657] Yama: becoming mindful.
[    0.271113] AppArmor: AppArmor initialized
[    0.272741] Dentry cache hash table entries: 131072 (order: 8, 1048576 bytes)
[    0.278263] Inode-cache hash table entries: 65536 (order: 7, 524288 bytes)
[    0.281691] Mount-cache hash table entries: 2048 (order: 2, 16384 bytes)
[    0.285105] Mountpoint-cache hash table entries: 2048 (order: 2, 16384 bytes)
[    0.287662] Initializing cgroup subsys io
[    0.289179] Initializing cgroup subsys memory
[    0.291083] Initializing cgroup subsys devices
[    0.292668] Initializing cgroup subsys freezer
[    0.293957] Initializing cgroup subsys net_cls
[    0.295538] Initializing cgroup subsys perf_event
[    0.297508] Initializing cgroup subsys net_prio
[    0.299035] Initializing cgroup subsys hugetlb
[    0.300693] Initializing cgroup subsys pids
[    0.304773] mce: CPU supports 0 MCE banks
[    0.306852] Last level iTLB entries: 4KB 64, 2MB 8, 4MB 8
[    0.308839] Last level dTLB entries: 4KB 64, 2MB 0, 4MB 0, 1GB 4
[    0.311667] Spectre V2 : Mitigation: Full generic retpoline
[    0.313603] Spectre V2 : Spectre v2 / SpectreRSB mitigation: Filling RSB on context switch
[    0.316636] Speculative Store Bypass: Vulnerable
[    0.318923] MDS: Vulnerable: Clear CPU buffers attempted, no microcode
[    0.330637] Freeing SMP alternatives memory: 36K
[    0.344477] ftrace: allocating 32312 entries in 127 pages
[    0.488204] smpboot: APIC(0) Converting physical 0 to logical package 0
[    0.491130] smpboot: Max logical packages: 1
[    0.492706] x2apic enabled
[    0.494028] Switched APIC routing to physical x2apic.
[    0.498592] ..TIMER: vector=0x30 apic1=0 pin1=2 apic2=-1 pin2=-1
[    0.606102] smpboot: CPU0: Intel(R) Core(TM) i5-7200U CPU @ 2.50GHz (family: 0x6, model: 0x8e, stepping: 0x9)
[    0.613501] Performance Events: unsupported p6 CPU model 142 no PMU driver, software events only.
[    0.647104] KVM setup paravirtual spinlock
[    0.650103] x86: Booting SMP configuration:
[    0.652087] .... node  #0, CPUs:      #1
[    0.654143] kvm-clock: cpu 1, msr 0:3ffe3041, secondary cpu clock
[    0.658487] mce: CPU supports 0 MCE banks
[    0.661464] x86: Booted up 1 node, 2 CPUs
[    0.664342] smpboot: Total of 2 processors activated (10847.97 BogoMIPS)
[    0.668893] devtmpfs: initialized
[    0.674016] evm: security.selinux
[    0.675846] evm: security.SMACK64
[    0.677688] evm: security.SMACK64EXEC
[    0.679424] evm: security.SMACK64TRANSMUTE
[    0.681363] evm: security.SMACK64MMAP
[    0.683084] evm: security.ima
[    0.684539] evm: security.capability
[    0.686626] clocksource: jiffies: mask: 0xffffffff max_cycles: 0xffffffff, max_idle_ns: 7645041785100000 ns
[    0.690607] futex hash table entries: 512 (order: 3, 32768 bytes)
[    0.693319] pinctrl core: initialized pinctrl subsystem
[    0.695668] RTC time: 14:04:37, date: 07/30/19
[    0.698342] NET: Registered protocol family 16
[    0.712621] cpuidle: using governor ladder
[    0.727876] cpuidle: using governor menu
[    0.730194] PCCT header not found.
[    0.731999] ACPI: bus type PCI registered
[    0.733806] acpiphp: ACPI Hot Plug PCI Controller Driver version: 0.5
[    0.736569] PCI: Using configuration type 1 for base access
[    0.753393] ACPI: Added _OSI(Module Device)
[    0.755465] ACPI: Added _OSI(Processor Device)
[    0.757457] ACPI: Added _OSI(3.0 _SCP Extensions)
[    0.760007] ACPI: Added _OSI(Processor Aggregator Device)
[    0.763567] ACPI: Executed 1 blocks of module-level executable AML code
[    0.777459] ACPI: Interpreter enabled
[    0.781023] ACPI: (supports S0 S5)
[    0.784342] ACPI: Using IOAPIC for interrupt routing
[    0.789435] PCI: Using host bridge windows from ACPI; if necessary, use "pci=nocrs" and report a bug
[    0.805152] ACPI: PCI Root Bridge [PCI0] (domain 0000 [bus 00-ff])
[    0.808265] acpi PNP0A03:00: _OSC: OS supports [ASPM ClockPM Segments MSI]
[    0.813214] acpi PNP0A03:00: _OSC: not requesting OS control; OS requires [ExtendedConfig ASPM ClockPM MSI]
[    0.820245] acpi PNP0A03:00: fail to add MMCONFIG information, can't access extended PCI configuration space under this bridge.
[    0.826867] PCI host bridge to bus 0000:00
[    0.829567] pci_bus 0000:00: root bus resource [io  0x0000-0x0cf7 window]
[    0.833353] pci_bus 0000:00: root bus resource [io  0x0d00-0xffff window]
[    0.836616] pci_bus 0000:00: root bus resource [mem 0x000a0000-0x000bffff window]
[    0.840937] pci_bus 0000:00: root bus resource [mem 0x40000000-0xfdffffff window]
[    0.845338] pci_bus 0000:00: root bus resource [bus 00-ff]
[    0.852722] pci 0000:00:01.1: legacy IDE quirk: reg 0x10: [io  0x01f0-0x01f7]
[    0.856162] pci 0000:00:01.1: legacy IDE quirk: reg 0x14: [io  0x03f6]
[    0.859605] pci 0000:00:01.1: legacy IDE quirk: reg 0x18: [io  0x0170-0x0177]
[    0.863099] pci 0000:00:01.1: legacy IDE quirk: reg 0x1c: [io  0x0376]
[    0.898650] pci 0000:00:07.0: quirk: [io  0x4000-0x403f] claimed by PIIX4 ACPI
[    0.942396] pci 0000:00:07.0: quirk: [io  0x4100-0x410f] claimed by PIIX4 SMB
[    0.971981] ACPI: PCI Interrupt Link [LNKA] (IRQs 5 9 10 *11)
[    0.978514] ACPI: PCI Interrupt Link [LNKB] (IRQs 5 9 *10 11)
[    0.984760] ACPI: PCI Interrupt Link [LNKC] (IRQs 5 *9 10 11)
[    0.990863] ACPI: PCI Interrupt Link [LNKD] (IRQs 5 9 10 *11)
[    0.996840] ACPI: Enabled 2 GPEs in block 00 to 07
[    1.001644] vgaarb: setting as boot device: PCI:0000:00:02.0
[    1.005751] vgaarb: device added: PCI:0000:00:02.0,decodes=io+mem,owns=io+mem,locks=none
[    1.012684] vgaarb: loaded
[    1.015386] vgaarb: bridge control possible 0000:00:02.0
[    1.021471] SCSI subsystem initialized
[    1.026647] ACPI: bus type USB registered
[    1.032038] usbcore: registered new interface driver usbfs
[    1.039923] usbcore: registered new interface driver hub
[    1.048132] usbcore: registered new device driver usb
[    1.055977] PCI: Using ACPI for IRQ routing
[    1.063001] NetLabel: Initializing
[    1.067914] NetLabel:  domain hash size = 128
[    1.073889] NetLabel:  protocols = UNLABELED CIPSOv4
[    1.083581] NetLabel:  unlabeled traffic allowed by default
[    1.091037] amd_nb: Cannot enumerate AMD northbridges
[    1.097821] clocksource: Switched to clocksource kvm-clock
[    1.133580] AppArmor: AppArmor Filesystem Enabled
[    1.139283] pnp: PnP ACPI init
[    1.147069] pnp: PnP ACPI: found 3 devices
[    1.172585] clocksource: acpi_pm: mask: 0xffffff max_cycles: 0xffffff, max_idle_ns: 2085701024 ns
[    1.178538] NET: Registered protocol family 2
[    1.182052] TCP established hash table entries: 8192 (order: 4, 65536 bytes)
[    1.186272] TCP bind hash table entries: 8192 (order: 5, 131072 bytes)
[    1.188686] TCP: Hash tables configured (established 8192 bind 8192)
[    1.191078] UDP hash table entries: 512 (order: 2, 16384 bytes)
[    1.193462] UDP-Lite hash table entries: 512 (order: 2, 16384 bytes)
[    1.195708] NET: Registered protocol family 1
[    1.197246] pci 0000:00:00.0: Limiting direct PCI/PCI transfers
[    1.199404] pci 0000:00:01.0: Activating ISA DMA hang workarounds
[    1.201752] Unpacking initramfs...
[    1.575570] Freeing initrd memory: 14824K
[    1.578160] clocksource: tsc: mask: 0xffffffffffffffff max_cycles: 0x27178096781, max_idle_ns: 440795249729 ns
[    1.581572] platform rtc_cmos: registered platform RTC device (no PNP device found)
[    1.584999] Scanning for low memory corruption every 60 seconds
[    1.588227] audit: initializing netlink subsys (disabled)
[    1.590146] audit: type=2000 audit(1564495482.801:1): initialized
[    1.592638] Initialise system trusted keyring
[    1.594666] HugeTLB registered 2 MB page size, pre-allocated 0 pages
[    1.598709] zbud: loaded
[    1.600493] VFS: Disk quotas dquot_6.6.0
[    1.601733] VFS: Dquot-cache hash table entries: 512 (order 0, 4096 bytes)
[    1.604564] squashfs: version 4.0 (2009/01/31) Phillip Lougher
[    1.607035] fuse init (API version 7.23)
[    1.609581] Key type big_key registered
[    1.611431] Allocating IMA MOK and blacklist keyrings.
[    1.618201] Key type asymmetric registered
[    1.619713] Asymmetric key parser 'x509' registered
[    1.622042] Block layer SCSI generic (bsg) driver version 0.4 loaded (major 249)
[    1.625396] io scheduler noop registered
[    1.627011] io scheduler deadline registered (default)
[    1.628808] io scheduler cfq registered
[    1.630266] pci_hotplug: PCI Hot Plug PCI Core version: 0.5
[    1.632059] pciehp: PCI Express Hot Plug Controller Driver version: 0.4
[    1.634259] ACPI: AC Adapter [AC] (off-line)
[    1.635837] input: Power Button as /devices/LNXSYSTM:00/LNXPWRBN:00/input/input0
[    1.638302] ACPI: Power Button [PWRF]
[    1.639923] input: Sleep Button as /devices/LNXSYSTM:00/LNXSLPBN:00/input/input1
[    1.642509] ACPI: Sleep Button [SLPF]
[    1.644356] GHES: HEST is not enabled!
[    1.645330] ACPI: Battery Slot [BAT0] (battery present)
[    1.648257] Serial: 8250/16550 driver, 32 ports, IRQ sharing enabled
[    1.671382] 00:02: ttyS0 at I/O 0x3f8 (irq = 4, base_baud = 115200) is a 16550A
[    1.682289] Linux agpgart interface v0.103
[    1.689212] loop: module loaded
[    1.691772] scsi host0: ata_piix
[    1.693637] scsi host1: ata_piix
[    1.694959] ata1: PATA max UDMA/33 cmd 0x1f0 ctl 0x3f6 bmdma 0xd000 irq 14
[    1.697112] ata2: PATA max UDMA/33 cmd 0x170 ctl 0x376 bmdma 0xd008 irq 15
[    1.699711] libphy: Fixed MDIO Bus: probed
[    1.701250] tun: Universal TUN/TAP device driver, 1.6
[    1.703003] tun: (C) 1999-2004 Max Krasnyansky <maxk@qualcomm.com>
[    1.705717] PPP generic driver version 2.4.2
[    1.707565] ehci_hcd: USB 2.0 'Enhanced' Host Controller (EHCI) Driver
[    1.709718] ehci-pci: EHCI PCI platform driver
[    1.711384] ehci-platform: EHCI generic platform driver
[    1.713180] ohci_hcd: USB 1.1 'Open' Host Controller (OHCI) Driver
[    1.715390] ohci-pci: OHCI PCI platform driver
[    1.716952] ohci-platform: OHCI generic platform driver
[    1.719054] uhci_hcd: USB Universal Host Controller Interface driver
[    1.721239] i8042: PNP: PS/2 Controller [PNP0303:PS2K,PNP0f03:PS2M] at 0x60,0x64 irq 1,12
[    1.725483] serio: i8042 KBD port at 0x60,0x64 irq 1
[    1.727217] serio: i8042 AUX port at 0x60,0x64 irq 12
[    1.729509] mousedev: PS/2 mouse device common for all mice
[    1.732359] input: AT Translated Set 2 keyboard as /devices/platform/i8042/serio0/input/input2
[    1.736227] rtc_cmos rtc_cmos: rtc core: registered rtc_cmos as rtc0
[    1.738455] rtc_cmos rtc_cmos: alarms up to one day, 114 bytes nvram
[    1.740684] i2c /dev entries driver
[    1.742291] device-mapper: uevent: version 1.0.3
[    1.744215] device-mapper: ioctl: 4.34.0-ioctl (2015-10-28) initialised: dm-devel@redhat.com
[    1.747453] ledtrig-cpu: registered to indicate activity on CPUs
[    1.750588] NET: Registered protocol family 10
[    1.752920] NET: Registered protocol family 17
[    1.754548] Key type dns_resolver registered
[    1.757683] registered taskstats version 1
[    1.759283] Loading compiled-in X.509 certificates
[    1.761775] Loaded X.509 cert 'Build time autogenerated kernel key: 3e01e6df98386236d59670e6b2ed19a044d5324e'
[    1.765733] zswap: loaded using pool lzo/zbud
[    1.771097] Key type trusted registered
[    1.779049] Key type encrypted registered
[    1.780656] AppArmor: AppArmor sha1 policy hashing enabled
[    1.782867] ima: No TPM chip found, activating TPM-bypass!
[    1.784812] ima: Allocated hash algorithm: sha1
[    1.786723] evm: HMAC attrs: 0x1
[    1.789257]   Magic number: 11:259:82
[    1.791054] rtc_cmos rtc_cmos: setting system clock to 2019-07-30 14:04:38 UTC (1564495478)
[    1.794758] BIOS EDD facility v0.16 2004-Jun-25, 0 devices found
[    1.796817] EDD information not available.
[    1.857277] Freeing unused kernel memory: 1484K
[    1.862114] Write protecting the kernel read-only data: 14336k
[    1.869047] Freeing unused kernel memory: 1612K
[    1.875015] Freeing unused kernel memory: 64K
Loading, please wait...
starting version 229
[    1.924232] random: systemd-udevd: uninitialized urandom read (16 bytes read, 5 bits of entropy available)
[    1.925434] random: udevadm: uninitialized urandom read (16 bytes read, 5 bits of entropy available)
[    1.925491] random: udevadm: uninitialized urandom read (16 bytes read, 5 bits of entropy available)
[    1.955070] random: systemd-udevd: uninitialized urandom read (16 bytes read, 5 bits of entropy available)
[    1.960509] random: udevadm: uninitialized urandom read (16 bytes read, 5 bits of entropy available)
[    1.960829] random: udevadm: uninitialized urandom read (16 bytes read, 5 bits of entropy available)
[    1.961342] random: udevadm: uninitialized urandom read (16 bytes read, 5 bits of entropy available)
[    1.961511] random: udevadm: uninitialized urandom read (16 bytes read, 5 bits of entropy available)
[    1.961833] random: udevadm: uninitialized urandom read (16 bytes read, 5 bits of entropy available)
[    1.962332] random: udevadm: uninitialized urandom read (16 bytes read, 5 bits of entropy available)
[    2.072806] e1000: Intel(R) PRO/1000 Network Driver - version 7.3.21-k8-NAPI
[    2.075768] e1000: Copyright (c) 1999-2006 Intel Corporation.
[    2.079099] Fusion MPT base driver 3.04.20
[    2.081034] Copyright (c) 1999-2008 LSI Corporation
[    2.094402] Fusion MPT SPI Host driver 3.04.20
[    2.111302] AVX2 version of gcm_enc/dec engaged.
[    2.113502] AES CTR mode by8 optimization enabled
[    2.294842] input: ImExPS/2 Generic Explorer Mouse as /devices/platform/i8042/serio1/input/input4
[    2.557551] e1000 0000:00:03.0 eth0: (PCI:33MHz:32-bit) 02:c2:66:bb:16:6d
[    2.559751] e1000 0000:00:03.0 eth0: Intel(R) PRO/1000 Network Connection
[    2.563248] mptbase: ioc0: Initiating bringup
[    3.063022] ioc0: LSI53C1030 A0: Capabilities={Initiator}
[    4.108261] scsi host2: ioc0: LSI53C1030 A0, FwRev=00000000h, Ports=1, MaxQ=256, IRQ=20
[    4.426678] scsi 2:0:0:0: Direct-Access     VBOX     HARDDISK         1.0  PQ: 0 ANSI: 5
[    4.437910] scsi target2:0:0: Beginning Domain Validation
[    4.449860] scsi target2:0:0: Domain Validation skipping write tests
[    4.455384] scsi target2:0:0: Ending Domain Validation
[    4.460570] scsi target2:0:0: asynchronous
[    4.470361] scsi 2:0:1:0: Direct-Access     VBOX     HARDDISK         1.0  PQ: 0 ANSI: 5
[    4.481093] scsi target2:0:1: Beginning Domain Validation
[    4.492181] scsi target2:0:1: Domain Validation skipping write tests
[    4.499355] scsi target2:0:1: Ending Domain Validation
[    4.505916] scsi target2:0:1: asynchronous
[    4.528907] sd 2:0:0:0: Attached scsi generic sg0 type 0
[    4.533067] sd 2:0:0:0: [sda] 20971520 512-byte logical blocks: (10.7 GB/10.0 GiB)
[    4.582701] sd 2:0:1:0: [sdb] 20480 512-byte logical blocks: (10.5 MB/10.0 MiB)
[    4.588279] sd 2:0:1:0: Attached scsi generic sg1 type 0
[    4.592023] sd 2:0:1:0: [sdb] Write Protect is off
[    4.595479] sd 2:0:1:0: [sdb] Incomplete mode parameter data
[    4.597724] sd 2:0:1:0: [sdb] Assuming drive cache: write through
[    4.600200] sd 2:0:0:0: [sda] Write Protect is off
[    4.603074] sd 2:0:0:0: [sda] Incomplete mode parameter data
[    4.605257] sd 2:0:0:0: [sda] Assuming drive cache: write through
[    4.611811]  sda: sda1
[    4.614139] sd 2:0:1:0: [sdb] Attached SCSI disk
[    4.616228] sd 2:0:0:0: [sda] Attached SCSI disk
[    4.943123] e1000 0000:00:08.0 eth1: (PCI:33MHz:32-bit) 08:00:27:48:f7:8a
[    4.948711] e1000 0000:00:08.0 eth1: Intel(R) PRO/1000 Network Connection
[    4.956798] e1000 0000:00:03.0 enp0s3: renamed from eth0
[    4.981200] e1000 0000:00:08.0 enp0s8: renamed from eth1
Begin: Loading essential drivers ... [    6.982447] md: linear personality registered for level -1
[    6.987296] md: multipath personality registered for level -4
[    6.992011] md: raid0 personality registered for level 0
[    6.997677] md: raid1 personality registered for level 1
[    7.069960] raid6: sse2x1   gen()  7174 MB/s
[    7.138032] raid6: sse2x1   xor()  4606 MB/s
[    7.206259] raid6: sse2x2   gen()  7823 MB/s
[    7.273938] raid6: sse2x2   xor()  4996 MB/s
[    7.341962] raid6: sse2x4   gen()  7933 MB/s
[    7.410215] raid6: sse2x4   xor()  6036 MB/s
[    7.477912] raid6: avx2x1   gen() 14600 MB/s
[    7.545926] raid6: avx2x2   gen() 12372 MB/s
[    7.614203] raid6: avx2x4   gen() 13034 MB/s
[    7.616055] raid6: using algorithm avx2x1 gen() 14600 MB/s
[    7.618178] raid6: using avx2x2 recovery algorithm
[    7.622522] xor: automatically using best checksumming function:
[    7.662473]    avx       : 15284.000 MB/sec
[    7.665667] async_tx: api initialized (async)
[    7.685501] md: raid6 personality registered for level 6
[    7.687509] md: raid5 personality registered for level 5
[    7.689267] md: raid4 personality registered for level 4
[    7.702470] md: raid10 personality registered for level 10
done.
Begin: Running /scripts/init-premount ... done.
Begin: Mounting root file system ... Begin: Running /scripts/local-top ... done.
Begin: Running /scripts/local-premount ... [    7.761934] Btrfs loaded
Scanning for Btrfs filesystems
done.
Warning: fsck not present, so skipping root file system
[    7.815179] EXT4-fs (sda1): mounted filesystem with ordered data mode. Opts: (null)
done.
Begin: Running /scripts/local-bottom ... done.
Begin: Running /scripts/init-bottom ... done.
[    8.037774] systemd[1]: systemd 229 running in system mode. (+PAM +AUDIT +SELINUX +IMA +APPARMOR +SMACK +SYSVINIT +UTMP +LIBCRYPTSETUP +GCRYPT +GNUTLS +ACL +XZ -LZ4 +SECCOMP +BLKID +ELFUTILS +KMOD -IDN)
[    8.050825] systemd[1]: Detected virtualization oracle.
[    8.054844] systemd[1]: Detected architecture x86-64.

Welcome to [1mUbuntu 16.04.6 LTS[0m!

[    8.067128] systemd[1]: Set hostname to <ubuntu>.
[    8.076489] systemd[1]: Initializing machine ID from random generator.
[    8.082589] systemd[1]: Installed transient /etc/machine-id file.
[    8.348913] systemd[1]: Listening on Journal Socket.
[[0;32m  OK  [0m] Listening on Journal Socket.
[    8.359291] systemd[1]: Listening on Journal Audit Socket.
[[0;32m  OK  [0m] Listening on Journal Audit Socket.
[    8.363944] systemd[1]: Listening on Device-mapper event daemon FIFOs.
[[0;32m  OK  [0m] Listening on Device-mapper event daemon FIFOs.
[    8.369709] systemd[1]: Listening on LVM2 metadata daemon socket.
[[0;32m  OK  [0m] Listening on LVM2 metadata daemon socket.
[    8.374615] systemd[1]: Listening on udev Control Socket.
[[0;32m  OK  [0m] Listening on udev Control Socket.
[    8.386561] systemd[1]: Listening on Journal Socket (/dev/log).
[[0;32m  OK  [0m] Listening on Journal Socket (/dev/log).
[    8.391542] systemd[1]: Reached target User and Group Name Lookups.
[[0;32m  OK  [0m] Reached target User and Group Name Lookups.
[    8.396783] systemd[1]: Set up automount Arbitrary Executable File Formats File System Automount Point.
[[0;32m  OK  [0m] Set up automount Arbitrary Executab...ats File System Automount Point.
[    8.404819] systemd[1]: Created slice User and Session Slice.
[[0;32m  OK  [0m] Created slice User and Session Slice.
[    8.409887] systemd[1]: Listening on udev Kernel Socket.
[[0;32m  OK  [0m] Listening on udev Kernel Socket.
[    8.413986] systemd[1]: Reached target Swap.
[[0;32m  OK  [0m] Reached target Swap.
[    8.418421] systemd[1]: Listening on LVM2 poll daemon socket.
[[0;32m  OK  [0m] Listening on LVM2 poll daemon socket.
[    8.422873] systemd[1]: Listening on Syslog Socket.
[[0;32m  OK  [0m] Listening on Syslog Socket.
[    8.427831] systemd[1]: Listening on /dev/initctl Compatibility Named Pipe.
[[0;32m  OK  [0m] Listening on /dev/initctl Compatibility Named Pipe.
[    8.433724] systemd[1]: Reached target Encrypted Volumes.
[[0;32m  OK  [0m] Reached target Encrypted Volumes.
[    8.442696] systemd[1]: Created slice System Slice.
[[0;32m  OK  [0m] Created slice System Slice.
[    8.477452] systemd[1]: Starting Remount Root and Kernel File Systems...
         Starting Remount Root and Kernel File Systems...
[    8.484877] systemd[1]: Starting Journal Service...
         Starting Journal Service...
[    8.491319] systemd[1]: Starting Nameserver information manager...
[    8.496060] EXT4-fs (sda1): re-mounted. Opts: (null)
         Starting Nameserver information manager...
[    8.504134] systemd[1]: Created slice system-serial\x2dgetty.slice.
[[0;32m  OK  [0m] Created slice system-serial\x2dgetty.slice.
[    8.512467] systemd[1]: Starting Create list of required static device nodes for the current kernel...
         Starting Create list of required st... nodes for the current kernel...
[    8.531465] systemd[1]: Starting Load Kernel Modules...
         Starting Load Kernel Modules...
[    8.538297] systemd[1]: Mounting Debug File System...
         Mounting Debug File System...
[    8.546541] systemd[1]: Starting Uncomplicated firewall...
         Starting Uncomplicated firewall...
[    8.554409] systemd[1]: Mounting POSIX Message Queue File System...
         Mounting POSIX Message Queue File System...
[    8.567107] systemd[1]: Reached target System Time Synchronized.
[[0;32m  OK  [0m] Reached target System Time Synchronized.
[    8.579040] systemd[1]: Started Trigger resolvconf update for networkd DNS.
[    8.582217] Loading iSCSI transport class v2.0-870.
[[0;32m  OK  [0m] Started Trigger resolvconf update for networkd DNS.
[    8.601613] iscsi: registered transport (tcp)
[    8.614774] systemd[1]: Starting Monitoring of LVM2 mirrors, snapshots etc. using dmeventd or progress polling...
         Starting Monitoring of LVM2 mirrors... dmeventd or progress polling...
[    8.626349] systemd[1]: Reached target Slices.
[[0;32m  OK  [0m] Reached target Slices.
[    8.632473] systemd[1]: Mounting Huge Pages File System...
         Mounting Huge Pages File System...
[    8.642377] systemd[1]: Starting Set console keymap...
         Starting Set console keymap...
[    8.649722] systemd[1]: Started Forward Password Requests to Wall Directory Watch.
[[0;32m  OK  [0m] Started Forward Password Requests to Wall Directory Watch.
[    8.671814] systemd[1]: Mounted Huge Pages File System.
[[0;32m  OK  [0m] Mounted Huge Pages File System.
[    8.682639] systemd[1]: Mounted Debug File System.
[[0;32m  OK  [0m] Mounted Debug File System.
[    8.689215] systemd[1]: Mounted POSIX Message Queue File System.
[[0;32m  OK  [0m] Mounted POSIX Message Queue File System.
[    8.695057] systemd[1]: Started Journal Service.
[[0;32m  OK  [0m] Started Journal Service.
[[0;32m  OK  [0m] Started Remount Root and Kernel File Systems.
[    8.714367] iscsi: registered transport (iser)
[[0;32m  OK  [0m] Started Create list of required sta...ce nodes for the current kernel.
[[0;32m  OK  [0m] Started Load Kernel Modules.
[[0;32m  OK  [0m] Started Uncomplicated firewall.
[[0;32m  OK  [0m] Started Nameserver information manager.
[[0;32m  OK  [0m] Started LVM2 metadata daemon.
         Mounting FUSE Control File System...
         Starting Apply Kernel Variables...
         Starting Create Static Device Nodes in /dev...
         Starting udev Coldplug all Devices...
         Starting Load/Save Random Seed...
         Starting Flush Journal to Persistent Storage...
[[0;32m  OK  [0m] Mounted FUSE Control File System.
[[0;32m  OK  [0m] Started Set console keymap.
[[0;32m  OK  [0m] Started Apply Kernel Variables.
[[0;32m  OK  [0m] Started Load/Save Random Seed.
[[0;32m  OK  [0m] Started Create Static Device Nodes in /dev.
[[0;32m  OK  [0m] Started udev Coldplug all Devices.
[[0;32m  OK  [0m] Started Flush Journal to Persistent Storage.
         Starting udev Kernel Device Manager...
[[0;32m  OK  [0m] Started udev Kernel Device Manager.
[[0;32m  OK  [0m] Started Dispatch Password Requests to Console Directory Watch.
[[0;32m  OK  [0m] Found device /dev/ttyS0.
[[0;32m  OK  [0m] Started Monitoring of LVM2 mirrors,...ng dmeventd or progress polling.
[[0;32m  OK  [0m] Reached target Local File Systems (Pre).
[[0;32m  OK  [0m] Reached target Local File Systems.
         Starting Create Volatile Files and Directories...
         Starting LSB: AppArmor initialization...
         Starting Set console font and keymap...
         Starting Tell Plymouth To Write Out Runtime Data...
         Starting Initial cloud-init job (pre-networking)...
         Starting Commit a transient machine-id on disk...
[[0;32m  OK  [0m] Started Create Volatile Files and Directories.
[[0;32m  OK  [0m] Started Tell Plymouth To Write Out Runtime Data.
[[0;32m  OK  [0m] Started Commit a transient machine-id on disk.
         Starting Update UTMP about System Boot/Shutdown...
[[0;32m  OK  [0m] Listening on Load/Save RF Kill Switch Status /dev/rfkill Watch.
[[0;32m  OK  [0m] Started Update UTMP about System Boot/Shutdown.
[   11.523784] cloud-init[528]: Cloud-init v. 19.1-1-gbaa47854-0ubuntu1~16.04.1 running 'init-local' at Tue, 30 Jul 2019 14:04:47 +0000. Up 10.71 seconds.
[[0;32m  OK  [0m] Started Initial cloud-init job (pre-networking).
[[0;32m  OK  [0m] Reached target Network (Pre).
[[0;32m  OK  [0m] Started Set console font and keymap.
[[0;32m  OK  [0m] Created slice system-getty.slice.
[[0;32m  OK  [0m] Started LSB: AppArmor initialization.
         Starting Raise network interfaces...
[[0;32m  OK  [0m] Started Raise network interfaces.
[[0;32m  OK  [0m] Reached target Network.
         Starting Initial cloud-init job (metadata service crawler)...
[   15.509503] cloud-init[970]: Cloud-init v. 19.1-1-gbaa47854-0ubuntu1~16.04.1 running 'init' at Tue, 30 Jul 2019 14:04:51 +0000. Up 14.24 seconds.
[   15.520636] cloud-init[970]: ci-info: ++++++++++++++++++++++++++++++++++++++Net device info+++++++++++++++++++++++++++++++++++++++
[   15.533399] cloud-init[970]: ci-info: +--------+-------+----------------------------+---------------+--------+-------------------+
[   15.540920] cloud-init[970]: ci-info: | Device |   Up  |          Address           |      Mask     | Scope  |     Hw-Address    |
[   15.548773] cloud-init[970]: ci-info: +--------+-------+----------------------------+---------------+--------+-------------------+
[   15.556598] cloud-init[970]: ci-info: | enp0s3 |  True |         10.0.2.15          | 255.255.255.0 | global | 02:c2:66:bb:16:6d |
[   15.565928] cloud-init[970]: ci-info: | enp0s3 |  True | fe80::c2:66ff:febb:166d/64 |       .       |  link  | 02:c2:66:bb:16:6d |
[   15.573133] cloud-init[970]: ci-info: | enp0s8 | False |             .              |       .       |   .    | 08:00:27:48:f7:8a |
[   15.575215] cloud-init[970]: ci-info: |   lo   |  True |         127.0.0.1          |   255.0.0.0   |  host  |         .         |
[   15.576848] cloud-init[970]: ci-info: |   lo   |  True |          ::1/128           |       .       |  host  |         .         |
[   15.584935] cloud-init[970]: ci-info: +--------+-------+----------------------------+---------------+--------+-------------------+
[   15.592606] cloud-init[970]: ci-info: +++++++++++++++++++++++++++Route IPv4 info++++++++++++++++++++++++++++
[   15.595117] cloud-init[970]: ci-info: +-------+-------------+----------+---------------+-----------+-------+
[   15.597282] cloud-init[970]: ci-info: | Route | Destination | Gateway  |    Genmask    | Interface | Flags |
[   15.599268] cloud-init[970]: ci-info: +-------+-------------+----------+---------------+-----------+-------+
[   15.601976] cloud-init[970]: ci-info: |   0   |   0.0.0.0   | 10.0.2.2 |    0.0.0.0    |   enp0s3  |   UG  |
[   15.609492] cloud-init[970]: ci-info: |   1   |   10.0.2.0  | 0.0.0.0  | 255.255.255.0 |   enp0s3  |   U   |
[   15.612757] cloud-init[970]: ci-info: +-------+-------------+----------+---------------+-----------+-------+
[   15.616167] cloud-init[970]: ci-info: +++++++++++++++++++Route IPv6 info+++++++++++++++++++
[   15.618848] cloud-init[970]: ci-info: +-------+-------------+---------+-----------+-------+
[[0;32m  OK  [0m] Started Initial cloud-init job (metadata service crawler).
[[0;32m  OK  [0m] Reached target System Initialization.
[[0;32m  OK  [0m] Listening on UUID daemon activation socket.
         Starting Socket activation for snappy daemon.
[[0;32m  OK  [0m] Listening on ACPID Listen Socket.
[   15.621248] cloud-init[970]: ci-info: | Route | Destination | Gateway | Interface | Flags |
[   15.629419] cloud-init[970]: ci-info: +-------+-------------+---------+-----------+-------+
[   15.632019] cloud-init[970]: ci-info: |   0   |  fe80::/64  |    ::   |   enp0s3  |   U   |
         Starting LXD - unix socket.
[[0;32m  OK  [0m] Started Daily Cleanup of Temporary Directories.
[   15.639344] cloud-init[970]: ci-info: |   3   |   ff00::/8  |    ::   |   enp0s3  |   U   |
[[0;32m  OK  [0m] Started ACPI Events Check.
[[0;32m  OK  [0m] Reached target Paths.
[[0;32m  OK  [0m] Started Daily apt download activities.
[[0;32m  OK  [0m] Started Daily apt upgrade and clean activities.
[[0;32m  OK  [0m] Reached target Timers.
[   15.644255] cloud-init[970]: ci-info: +-------+-------------+---------+-----------+-------+
[[0;32m  OK  [0m] Listening on D-Bus System Message Bus Socket.
[[0;32m  OK  [0m] Reached target Network is Online.
[   15.659179] cloud-init[970]: Generating public/private rsa key pair.
[   15.664945] cloud-init[970]: Your identification has been saved in /etc/ssh/ssh_host_rsa_key.
[   15.666987] cloud-init[970]: Your public key has been saved in /etc/ssh/ssh_host_rsa_key.pub.
[   15.669511] cloud-init[970]: The key fingerprint is:
[   15.670871] cloud-init[970]: SHA256:YmuIsPYQLPcwZprN/FzsaZjeHMVl2BiJZP6TPgrMKCs root@ubuntu-xenial
[   15.684572]          Starting iSCSI initiator daemon (iscsid)...
[[0;32m  OK  [0m] Reached target Cloud-config availability.
[[0;32m  OK  [0m] Listening on Socket activation for snappy daemon.
[[0;32m  OK  [0m] Listening on LXD - unix socket.
cloud-init[970]: The key's randomart image is:
[   15.690496] cloud-init[970]: +---[RSA 2048]----+
[   15.692113] cloud-init[970]: |     .o...       |
[   15.695806] cloud-init[970]: |     o. .=       |
[   15.697810] cloud-init[970]: |      . o +      |
[   15.699564] cloud-init[970]: |.      o +       |
[   15.701187] cloud-init[970]: |oo*   o S        |
[   15.703103] cloud-init[970]: |.%.O + = .       |
[   15.708752] cloud-init[970]: |=o* *o* o        |
[   15.716533] cloud-init[970]: |EooooB.+ .       |
[   15.719766] [[0;32m  OK  [0m] Started iSCSI initiator daemon (iscsid).
cloud-init[970]: |o  o+.*          |
[   15.722266] cloud-init[970]: +----[SHA256]-----+
[   15.723998] cloud-init         Starting Login to default iSCSI targets...
[[0;32m  OK  [0m] Reached target Sockets.
[[0;32m  OK  [0m] Reached target Basic System.
[970]: Generating public/private dsa key pair.[[0;32m  OK  [0m] Started D-Bus System Message Bus.

[   15.728894] cloud-init[970]: Your identification has been saved in /etc/ssh/ssh_host_dsa_key.
[   15.731085] cloud-init[970]: Your public key has been saved in /etc/ssh/ssh_host_dsa_key.pub.
[   15.732753] cloud-init[970]: The key fingerprint is:
[   15.733700] cloud-init[970]: SHA256:tgZ25evYInMVgIT5e0O77SydSfr7h4i7mXK3u5iYUdQ root@ubuntu-xenial
[   15.735788] cloud-init[970]: The key's randomart image is:
[   15.736852] cloud-init[970]: +---[DSA 1024]----+
[   15.738226] cloud-init[970]: |     +..         |
[   15.740246] cloud-init[970]: |    o . ..       |
[   15.741517] cloud-init[970]: |     .  ..E      |
[   15.742438] cloud-init[970]: |      ...o.      |
[   15.743696] cloud-init[970]: |      ooS...     |
[   15.752863] cloud-init[970]: |     ..=+.o.     |
[   15.754657] cloud-init[970]: |      ..oX.+ .   |
[   15.757459] cloud-init[970]: |      +=OXB . .  |
[   15.759078] cloud-init[970]: |      o*OO@*..   |
[   15.769341] cloud-init[970]: +----[SHA256]-----+
[   15.777015] [[0;32m  OK  [0m] Started Deferred execution scheduler.
         Starting LXD - container startup/shutdown...
         Starting System Logging Service...
         Starting Login Service...
         Starting Accounts Service...
[[0;32m  OK  [0m] Started Regular background program processing daemon.
cloud-init[970]: [[0;32m  OK  [0m] Started ACPI event daemon.
Generating public/private ecdsa key pair.
[   15.795433]          Starting LSB: MD monitoring daemon...
         Starting LSB: Record successful boot for GRUB...
cloud-init[970]: Your identification has been saved in /etc/ssh/ssh_host_ecdsa_key.
         Starting Pollinate to seed the pseudo random number generator...
         Starting /etc/rc.local Compatibility...
[[0;32m  OK  [0m] Started FUSE filesystem for LXC.
         Starting Snappy daemon...
[   15.828711] cloud-init[970]: Your public key has been saved in /etc/ssh/ssh_host_ecdsa_key.pub.         Starting Virtualbox guest utils...
[[0;32m  OK  [0m] Started /etc/rc.local Compatibility.

[   15.836483] cloud-init[970]: The key fingerprint is:
[   15.846671] cloud-init[970]: SHA256:IO/oKmeFveVkyuY6hzLDQzAMIJCGF6wcAoiNT8NoRCI root@ubuntu-xenial
[   15.856132] cloud-init[970]: The key's randomart image is:
[   15.870041] cloud-init[970]: +---[ECDSA 256]---+
[   15.873276] cloud-init[970]: |EX..             |
[[0;32m  OK  [0m] Started System Logging Service.
[   15.891379] cloud-init[970]: |&+B              |
[   15.894191] cloud-init[970]: |B=... .          |
[   15.911722] cloud-init[970]: |+o.  o .         |
[   15.916619] [[0;32m  OK  [0m] Started Login to default iSCSI targets.
cloud-init[970]: |.. o  . S        |
[   15.919399] cloud-init[970]: | .. oo+          |
[   15.926015] cloud-init[970]: |o  +.B.          |
[   15.942824] cloud-init[970]: |=o=.* .          |
[   15.947740] cloud-init[970]: | B+Bo            |
[   15.969406] cloud-init[970]: +----[SHA256]-----+
[   15.974688] cloud-init[970]: Generating public/private ed25519 key pair.
[   15.978372] cloud-init[970]: Your identification has been saved in /etc/ssh/ssh_host_ed25519_key.
[   15.998479] cloud-init[970]: Your public key has been saved in /etc/ssh/ssh_host_ed25519_key.pub.
[   16.001733] cloud-init[970]: The key fingerprint is:
[   16.004586] cloud-init[970]: SHA256:eJZhAv+1vZrf8X1kicWj5vCJnOGyRACO6ppeKuczWJU root@ubuntu-xenial
[   16.007601] cloud-init[970]: The key's randomart image is:
[[0;32m  OK  [0m] Started LSB: MD monitoring daemon.
[   16.010572] cloud-init[970]: +--[ED25519 256]--+
[   16.013057] cloud-init[970]: |    ..           |
[   16.022207] cloud-init[970]: |    oo.          |
[   16.024086] cloud-init[970]: |   . oo.o .   .  |
[   16.027183] cloud-init[970]: |  . E  =.+ o   + |
[   16.029185] cloud-init[970]: | . .  . S.. . + o|
[   16.031138] cloud-init[970]: |. .    o.  o = .o|
[   16.035414] cloud-init[970]: | + .     .o X oo |
[   16.039467]          Starting Authenticate and Authorize Users to Run Privileged Tasks...
[[0;32m  OK  [0m] Reached target Remote File Systems (Pre).
[[0;32m  OK  [0m] Reached target Remote File Systems.
cloud-init[970]: |+.*     .. B = oo|         Starting Permit User Sessions...
         Starting LSB: Set the CPU Frequency Scaling governor to "ondemand"...
         Starting LSB: automatic crash report generation...

         Starting LSB: daemon to balance interrupts for SMP systems...
[   16.082857] cloud-init[970]: |==.o     .=.. . +|
[   16.099990] cloud-init[970]: +----[SHA256]-----+
[[0;32m  OK  [0m] Started LSB: Record successful boot for GRUB.
[[0;32m  OK  [0m] Started Login Service.
[[0;32m  OK  [0m] Started Permit User Sessions.
         Starting Terminate Plymouth Boot Screen...
         Starting Hold until boot process finishes up...
[[0;32m  OK  [0m] Started Unattended Upgrades Shutdown.
[[0;32m  OK  [0m] Started LXD - container startup/shutdown.
[[0;32m  OK  [0m] Started LSB: Set the CPU Frequency Scaling governor to "ondemand".
[[0;32m  OK  [0m] Started LSB: automatic crash report generation.
[[0;32m  OK  [0m] Started Terminate Plymouth Boot Screen.
[[0;32m  OK  [0m] Started Hold until boot process finishes up.
[[0;32m  OK  [0m] Started Getty on tty1.
[[0;32m  OK  [0m] Started Serial Getty on ttyS0.
[[0;32m  OK  [0m] Reached target Login Prompts.
         Starting Set console scheme...
[[0;32m  OK  [0m] Started LSB: daemon to balance interrupts for SMP systems.
[[0;32m  OK  [0m] Started Set console scheme.
[[0;32m  OK  [0m] Started Authenticate and Authorize Users to Run Privileged Tasks.
[[0;32m  OK  [0m] Started Accounts Service.
[[0;32m  OK  [0m] Started Virtualbox guest utils.
[[0;32m  OK  [0m] Started Snappy daemon.
         Starting Wait until snapd is fully seeded...
[[0;32m  OK  [0m] Started Pollinate to seed the pseudo random number generator.
         Starting OpenBSD Secure Shell server...
[[0;32m  OK  [0m] Started OpenBSD Secure Shell server.
[[0;32m  OK  [0m] Started Wait until snapd is fully seeded.
         Starting Apply the settings specified in cloud-config...
[[0;32m  OK  [0m] Reached target Multi-User System.
[[0;32m  OK  [0m] Reached target Graphical Interface.
         Starting Update UTMP about System Runlevel Changes...
[[0;32m  OK  [0m] Started Update UTMP about System Runlevel Changes.
[[0;32m  OK  [0m] Created slice User Slice of vagrant.
         Starting User Manager for UID 1000...
[[0;32m  OK  [0m] Started Session 1 of user vagrant.
[[0;32m  OK  [0m] Started User Manager for UID 1000.
[   19.992791] cloud-init[1329]: Generating locales (this might take a while)...
[   22.395446] cloud-init[1329]:   en_US.UTF-8... done
[   22.397606] cloud-init[1329]: Generation complete.

Ubuntu 16.04.6 LTS ubuntu-xenial ttyS0

ubuntu-xenial login: [   23.014403] cloud-init[1329]: Cloud-init v. 19.1-1-gbaa47854-0ubuntu1~16.04.1 running 'modules:config' at Tue, 30 Jul 2019 14:04:56 +0000. Up 19.66 seconds.
ci-info: no authorized ssh keys fingerprints found for user ubuntu.
<14>Jul 30 14:05:01 ec2: 
<14>Jul 30 14:05:01 ec2: #############################################################
<14>Jul 30 14:05:01 ec2: -----BEGIN SSH HOST KEY FINGERPRINTS-----
<14>Jul 30 14:05:01 ec2: 1024 SHA256:tgZ25evYInMVgIT5e0O77SydSfr7h4i7mXK3u5iYUdQ root@ubuntu-xenial (DSA)
<14>Jul 30 14:05:01 ec2: 256 SHA256:IO/oKmeFveVkyuY6hzLDQzAMIJCGF6wcAoiNT8NoRCI root@ubuntu-xenial (ECDSA)
<14>Jul 30 14:05:01 ec2: 256 SHA256:eJZhAv+1vZrf8X1kicWj5vCJnOGyRACO6ppeKuczWJU root@ubuntu-xenial (ED25519)
<14>Jul 30 14:05:01 ec2: 2048 SHA256:YmuIsPYQLPcwZprN/FzsaZjeHMVl2BiJZP6TPgrMKCs root@ubuntu-xenial (RSA)
<14>Jul 30 14:05:01 ec2: -----END SSH HOST KEY FINGERPRINTS-----
<14>Jul 30 14:05:01 ec2: #############################################################
-----BEGIN SSH HOST KEY KEYS-----
ecdsa-sha2-nistp256 AAAAE2VjZHNhLXNoYTItbmlzdHAyNTYAAAAIbmlzdHAyNTYAAABBBCc/iYqHU2jNdxLXu6u0l5hZnHVjOTck3FDvNceIEP95QuTygtR4lJNnyWPYg6zkVwoYO5dBIpPHwddqVLg0ANQ= root@ubuntu-xenial
ssh-ed25519 AAAAC3NzaC1lZDI1NTE5AAAAIL39a4jX3QxduF1ry5R66FkMmx0XL70N3w9QhiLLQ6Ry root@ubuntu-xenial
ssh-rsa AAAAB3NzaC1yc2EAAAADAQABAAABAQDYH9JQMzTFcWb0UKbloPFG/qzVjbtGwIIdICP1UBihso0299b70CEUEq5UoDZ6OrrfGaqOn2f2HRuZFtXXFcO15ArDXjyX9SeuTMMT78OBxlcLencX8LB950E20n0WtcCIMIuFZRsd/LTtudmolHYsauvbdH5dJfMSONFEJCJ+QlYcSHe/BVCuVrMFfH1AK2/So0Yq5/UuAC3YDpUo9VCWSgXxkTYN/AE6+9ZFHiyKAkDLgeE8OwvODRuv6ZGDFY5ztFnmsIiZxZjFNgWPdi38go1SIGj/4BjuSgI5y47BvcID90uiAgglHMNBAQWWGeWBPL1sxUVkhGdtxITI0Mgr root@ubuntu-xenial
-----END SSH HOST KEY KEYS-----
[   24.495207] cloud-init[1551]: Cloud-init v. 19.1-1-gbaa47854-0ubuntu1~16.04.1 running 'modules:final' at Tue, 30 Jul 2019 14:05:01 +0000. Up 24.08 seconds.
[   24.497915] cloud-init[1551]: ci-info: no authorized ssh keys fingerprints found for user ubuntu.
[   24.500603] cloud-init[1551]: Cloud-init v. 19.1-1-gbaa47854-0ubuntu1~16.04.1 finished at Tue, 30 Jul 2019 14:05:01 +0000. Datasource DataSourceNoCloud [seed=/dev/sdb][dsmode=net].  Up 24.47 seconds
